<?xml version="1.0" encoding="UTF-8"?>
<!-- Generated by org.testng.reporters.JUnitXMLReporter -->
<testsuite hostname="MacBook-Pro-2.local" ignored="0" name="Surefire test" tests="5" failures="0" timestamp="03 May 2020 01:40:24 GMT" time="16.385" errors="0">
  <testcase name="test" time="0.001" classname="com.testScripts.TestScripts"/>
  <testcase name="test2" time="0.0" classname="com.testScripts.TestScripts"/>
  <testcase name="test3" time="0.0" classname="com.testScripts.TestScripts"/>
  <testcase name="test4" time="0.0" classname="com.testScripts.TestScripts"/>
  <testcase name="test5" time="0.0" classname="com.testScripts.TestScripts"/>
</testsuite> <!-- Surefire test -->
