<?xml version="1.0" encoding="UTF-8"?>
<testng-results skipped="0" failed="0" ignored="0" total="5" passed="5">
  <reporter-output>
  </reporter-output>
  <suite name="Surefire suite" duration-ms="16579" started-at="2020-05-03T02:24:22Z" finished-at="2020-05-03T02:24:39Z">
    <groups>
      <group name="regration">
        <method signature="TestScripts.test4()[pri:0, instance:com.testScripts.TestScripts@62043840]" name="test4" class="com.testScripts.TestScripts"/>
      </group> <!-- regration -->
      <group name="functionaltest">
        <method signature="TestScripts.test2()[pri:0, instance:com.testScripts.TestScripts@62043840]" name="test2" class="com.testScripts.TestScripts"/>
      </group> <!-- functionaltest -->
      <group name="smoketest">
        <method signature="TestScripts.test()[pri:0, instance:com.testScripts.TestScripts@62043840]" name="test" class="com.testScripts.TestScripts"/>
        <method signature="TestScripts.test3()[pri:0, instance:com.testScripts.TestScripts@62043840]" name="test3" class="com.testScripts.TestScripts"/>
      </group> <!-- smoketest -->
    </groups>
    <test name="Surefire test" duration-ms="16579" started-at="2020-05-03T02:24:22Z" finished-at="2020-05-03T02:24:39Z">
      <class name="com.testScripts.TestScripts">
        <test-method status="PASS" signature="beforeMethod()[pri:0, instance:com.testScripts.TestScripts@62043840]" name="beforeMethod" is-config="true" duration-ms="4612" started-at="2020-05-02T22:24:22Z" finished-at="2020-05-02T22:24:27Z">
          <reporter-output>
          </reporter-output>
        </test-method> <!-- beforeMethod -->
        <test-method status="PASS" signature="test()[pri:0, instance:com.testScripts.TestScripts@62043840]" name="test" duration-ms="0" started-at="2020-05-02T22:24:27Z" finished-at="2020-05-02T22:24:27Z">
          <reporter-output>
          </reporter-output>
        </test-method> <!-- test -->
        <test-method status="PASS" signature="afterMethod()[pri:0, instance:com.testScripts.TestScripts@62043840]" name="afterMethod" is-config="true" duration-ms="72" started-at="2020-05-02T22:24:27Z" finished-at="2020-05-02T22:24:27Z">
          <reporter-output>
          </reporter-output>
        </test-method> <!-- afterMethod -->
        <test-method status="PASS" signature="beforeMethod()[pri:0, instance:com.testScripts.TestScripts@62043840]" name="beforeMethod" is-config="true" duration-ms="3405" started-at="2020-05-02T22:24:27Z" finished-at="2020-05-02T22:24:30Z">
          <reporter-output>
          </reporter-output>
        </test-method> <!-- beforeMethod -->
        <test-method status="PASS" signature="test2()[pri:0, instance:com.testScripts.TestScripts@62043840]" name="test2" duration-ms="0" started-at="2020-05-02T22:24:30Z" finished-at="2020-05-02T22:24:30Z">
          <reporter-output>
          </reporter-output>
        </test-method> <!-- test2 -->
        <test-method status="PASS" signature="afterMethod()[pri:0, instance:com.testScripts.TestScripts@62043840]" name="afterMethod" is-config="true" duration-ms="72" started-at="2020-05-02T22:24:30Z" finished-at="2020-05-02T22:24:30Z">
          <reporter-output>
          </reporter-output>
        </test-method> <!-- afterMethod -->
        <test-method status="PASS" signature="beforeMethod()[pri:0, instance:com.testScripts.TestScripts@62043840]" name="beforeMethod" is-config="true" duration-ms="2899" started-at="2020-05-02T22:24:30Z" finished-at="2020-05-02T22:24:33Z">
          <reporter-output>
          </reporter-output>
        </test-method> <!-- beforeMethod -->
        <test-method status="PASS" signature="test3()[pri:0, instance:com.testScripts.TestScripts@62043840]" name="test3" duration-ms="0" started-at="2020-05-02T22:24:33Z" finished-at="2020-05-02T22:24:33Z">
          <reporter-output>
          </reporter-output>
        </test-method> <!-- test3 -->
        <test-method status="PASS" signature="afterMethod()[pri:0, instance:com.testScripts.TestScripts@62043840]" name="afterMethod" is-config="true" duration-ms="67" started-at="2020-05-02T22:24:33Z" finished-at="2020-05-02T22:24:33Z">
          <reporter-output>
          </reporter-output>
        </test-method> <!-- afterMethod -->
        <test-method status="PASS" signature="beforeMethod()[pri:0, instance:com.testScripts.TestScripts@62043840]" name="beforeMethod" is-config="true" duration-ms="2640" started-at="2020-05-02T22:24:33Z" finished-at="2020-05-02T22:24:36Z">
          <reporter-output>
          </reporter-output>
        </test-method> <!-- beforeMethod -->
        <test-method status="PASS" signature="test4()[pri:0, instance:com.testScripts.TestScripts@62043840]" name="test4" duration-ms="0" started-at="2020-05-02T22:24:36Z" finished-at="2020-05-02T22:24:36Z">
          <reporter-output>
          </reporter-output>
        </test-method> <!-- test4 -->
        <test-method status="PASS" signature="afterMethod()[pri:0, instance:com.testScripts.TestScripts@62043840]" name="afterMethod" is-config="true" duration-ms="69" started-at="2020-05-02T22:24:36Z" finished-at="2020-05-02T22:24:36Z">
          <reporter-output>
          </reporter-output>
        </test-method> <!-- afterMethod -->
        <test-method status="PASS" signature="beforeMethod()[pri:0, instance:com.testScripts.TestScripts@62043840]" name="beforeMethod" is-config="true" duration-ms="2653" started-at="2020-05-02T22:24:36Z" finished-at="2020-05-02T22:24:39Z">
          <reporter-output>
          </reporter-output>
        </test-method> <!-- beforeMethod -->
        <test-method status="PASS" signature="test5()[pri:0, instance:com.testScripts.TestScripts@62043840]" name="test5" duration-ms="0" started-at="2020-05-02T22:24:39Z" finished-at="2020-05-02T22:24:39Z">
          <reporter-output>
          </reporter-output>
        </test-method> <!-- test5 -->
        <test-method status="PASS" signature="afterMethod()[pri:0, instance:com.testScripts.TestScripts@62043840]" name="afterMethod" is-config="true" duration-ms="69" started-at="2020-05-02T22:24:39Z" finished-at="2020-05-02T22:24:39Z">
          <reporter-output>
          </reporter-output>
        </test-method> <!-- afterMethod -->
      </class> <!-- com.testScripts.TestScripts -->
    </test> <!-- Surefire test -->
  </suite> <!-- Surefire suite -->
</testng-results>
